INFO:main:started ipypublish v0.6.5 at Tue Feb  6 17:38:48 2018
INFO:main:logging to: /home/ubuntu/rnaseq-notebooks/2-Narratives/Narrative/converted/Narrative.nbpub.log
INFO:main:running for ipynb(s) at: Narrative.ipynb
INFO:main:with conversion: latex_ipypublish_all
INFO:nbmerge:Reading notebook
INFO:main:getting output format from exporter plugin
INFO:nbexport:running nbconvert
INFO:latex_doc_defaults:adding ipub defaults to notebook
INFO:split_outputs:splitting outputs into separate cells
INFO:latex_doc_links:resolving external file paths in ipub metadata to: Narrative.ipynb
WARNING:latex_doc_links:bib in metadata does not exist: /home/ubuntu/rnaseq-notebooks/2-Narratives/Narrative/biblio.bib
INFO:latex_doc_captions:extracting caption cells
INFO:main:outputting converted file to: /home/ubuntu/rnaseq-notebooks/2-Narratives/Narrative/converted/Narrative.tex
INFO:main:dumping external files to: /home/ubuntu/rnaseq-notebooks/2-Narratives/Narrative/converted/Narrative_files
INFO:main:running pdf conversion
INFO:pdfexport:running: latexmk -xelatex -bibtex -pdf <outpath>
INFO:pdfexport:latexmk: Latexmk: This is Latexmk, John Collins, 1 January 2015, version: 4.41.
INFO:pdfexport:latexmk: Rule 'bibtex Narrative': File changes, etc:
INFO:pdfexport:latexmk: Non-existent destination files:
INFO:pdfexport:latexmk: 'Narrative.bbl'
INFO:pdfexport:latexmk: ------------
INFO:pdfexport:latexmk: Run number 1 of rule 'bibtex Narrative'
INFO:pdfexport:latexmk: ------------
INFO:pdfexport:latexmk: ------------
INFO:pdfexport:latexmk: Running 'bibtex  "Narrative"'
INFO:pdfexport:latexmk: ------------
INFO:pdfexport:latexmk: Latexmk: applying rule 'bibtex Narrative'...
INFO:pdfexport:latexmk: For rule 'bibtex Narrative', running '&run_bibtex(  )' ...
INFO:pdfexport:latexmk: This is BibTeX, Version 0.99d (TeX Live 2015/dev/Debian)
INFO:pdfexport:latexmk: The top-level auxiliary file: Narrative.aux
INFO:pdfexport:latexmk: The style file: unsrtnat.bst
INFO:pdfexport:latexmk: Database file #1: Narrative_files/rnaseq_cancer.bib.bib
INFO:pdfexport:latexmk: Warning--I didn't find a database entry for "vivian_bd2kgenomics/toil-rnaseq_"
INFO:pdfexport:latexmk: (There was 1 warning)
INFO:pdfexport:latexmk: Rule 'pdflatex': File changes, etc:
INFO:pdfexport:latexmk: Changed files, or newly in use since previous run(s):
INFO:pdfexport:latexmk: '/home/ubuntu/rnaseq-notebooks/2-Narratives/Narrative/converted/Narrative.tex'
INFO:pdfexport:latexmk: 'Narrative.aux'
INFO:pdfexport:latexmk: 'Narrative.bbl'
INFO:pdfexport:latexmk: 'Narrative.tex'
INFO:pdfexport:latexmk: ------------
INFO:pdfexport:latexmk: Run number 1 of rule 'pdflatex'
INFO:pdfexport:latexmk: ------------
INFO:pdfexport:latexmk: ------------
INFO:pdfexport:latexmk: Running 'xelatex  -recorder  "/home/ubuntu/rnaseq-notebooks/2-Narratives/Narrative/converted/Narrative.tex"'
INFO:pdfexport:latexmk: ------------
INFO:pdfexport:latexmk: Latexmk: applying rule 'pdflatex'...
INFO:pdfexport:latexmk: This is XeTeX, Version 3.14159265-2.6-0.99992 (TeX Live 2015/dev/Debian) (preloaded format=xelatex)
INFO:pdfexport:latexmk: restricted \write18 enabled.
INFO:pdfexport:latexmk: entering extended mode
INFO:pdfexport:latexmk: (/home/ubuntu/rnaseq-notebooks/2-Narratives/Narrative/converted/Narrative.tex
INFO:pdfexport:latexmk: LaTeX2e <2014/05/01>
INFO:pdfexport:latexmk: Babel <3.9l> and hyphenation patterns for 2 languages loaded.
INFO:pdfexport:latexmk: (/usr/share/texlive/texmf-dist/tex/latex/koma-script/scrartcl.cls
INFO:pdfexport:latexmk: Document Class: scrartcl 2013/12/19 v3.12 KOMA-Script document class (article)
INFO:pdfexport:latexmk: (/usr/share/texlive/texmf-dist/tex/latex/koma-script/scrkbase.sty
INFO:pdfexport:latexmk: (/usr/share/texlive/texmf-dist/tex/latex/koma-script/scrbase.sty
INFO:pdfexport:latexmk: (/usr/share/texlive/texmf-dist/tex/latex/graphics/keyval.sty)
INFO:pdfexport:latexmk: (/usr/share/texlive/texmf-dist/tex/latex/koma-script/scrlfile.sty
INFO:pdfexport:latexmk: Package scrlfile, 2013/12/19 v3.12 KOMA-Script package (loading files)
INFO:pdfexport:latexmk: Copyright (C) Markus Kohm
INFO:pdfexport:latexmk: 
INFO:pdfexport:latexmk: ))) (/usr/share/texlive/texmf-dist/tex/latex/koma-script/tocbasic.sty)
INFO:pdfexport:latexmk: (/usr/share/texlive/texmf-dist/tex/latex/koma-script/scrsize10pt.clo)
INFO:pdfexport:latexmk: (/usr/share/texlive/texmf-dist/tex/latex/koma-script/typearea.sty
INFO:pdfexport:latexmk: Package typearea, 2013/12/19 v3.12 KOMA-Script package (type area)
INFO:pdfexport:latexmk: Copyright (C) Frank Neukam, 1992-1994
INFO:pdfexport:latexmk: Copyright (C) Markus Kohm, 1994-
INFO:pdfexport:latexmk: 
INFO:pdfexport:latexmk: )) (/usr/share/texlive/texmf-dist/tex/latex/base/fontenc.sty
INFO:pdfexport:latexmk: (/usr/share/texlive/texmf-dist/tex/latex/base/t1enc.def))
INFO:pdfexport:latexmk: (/usr/share/texlive/texmf-dist/tex/latex/psnfss/mathpazo.sty)
INFO:pdfexport:latexmk: (/usr/share/texlive/texmf-dist/tex/latex/graphics/graphicx.sty
INFO:pdfexport:latexmk: (/usr/share/texlive/texmf-dist/tex/latex/graphics/graphics.sty
INFO:pdfexport:latexmk: (/usr/share/texlive/texmf-dist/tex/latex/graphics/trig.sty)
INFO:pdfexport:latexmk: (/usr/share/texlive/texmf-dist/tex/latex/latexconfig/graphics.cfg)
INFO:pdfexport:latexmk: (/usr/share/texlive/texmf-dist/tex/xelatex/xetex-def/xetex.def)))
INFO:pdfexport:latexmk: (/usr/share/texlive/texmf-dist/tex/latex/caption/caption.sty
INFO:pdfexport:latexmk: (/usr/share/texlive/texmf-dist/tex/latex/caption/caption3.sty))
INFO:pdfexport:latexmk: (/usr/share/texlive/texmf-dist/tex/latex/adjustbox/adjustbox.sty
INFO:pdfexport:latexmk: (/usr/share/texlive/texmf-dist/tex/latex/xkeyval/xkeyval.sty
INFO:pdfexport:latexmk: (/usr/share/texlive/texmf-dist/tex/generic/xkeyval/xkeyval.tex
INFO:pdfexport:latexmk: (/usr/share/texlive/texmf-dist/tex/generic/xkeyval/xkvutils.tex)))
INFO:pdfexport:latexmk: (/usr/share/texlive/texmf-dist/tex/latex/adjustbox/adjcalc.sty)
INFO:pdfexport:latexmk: (/usr/share/texlive/texmf-dist/tex/latex/adjustbox/trimclip.sty
INFO:pdfexport:latexmk: (/usr/share/texlive/texmf-dist/tex/latex/collectbox/collectbox.sty)
INFO:pdfexport:latexmk: (/usr/share/texlive/texmf-dist/tex/latex/adjustbox/tc-xetex.def))
INFO:pdfexport:latexmk: (/usr/share/texlive/texmf-dist/tex/latex/ifoddpage/ifoddpage.sty)
INFO:pdfexport:latexmk: (/usr/share/texlive/texmf-dist/tex/latex/varwidth/varwidth.sty))
INFO:pdfexport:latexmk: (/usr/share/texlive/texmf-dist/tex/latex/xcolor/xcolor.sty
INFO:pdfexport:latexmk: (/usr/share/texlive/texmf-dist/tex/latex/latexconfig/color.cfg)
INFO:pdfexport:latexmk: (/usr/share/texlive/texmf-dist/tex/latex/colortbl/colortbl.sty
INFO:pdfexport:latexmk: (/usr/share/texlive/texmf-dist/tex/latex/tools/array.sty)))
INFO:pdfexport:latexmk: (/usr/share/texlive/texmf-dist/tex/latex/tools/enumerate.sty)
INFO:pdfexport:latexmk: (/usr/share/texlive/texmf-dist/tex/latex/amsmath/amsmath.sty
INFO:pdfexport:latexmk: For additional information on amsmath, use the `?' option.
INFO:pdfexport:latexmk: (/usr/share/texlive/texmf-dist/tex/latex/amsmath/amstext.sty
INFO:pdfexport:latexmk: (/usr/share/texlive/texmf-dist/tex/latex/amsmath/amsgen.sty))
INFO:pdfexport:latexmk: (/usr/share/texlive/texmf-dist/tex/latex/amsmath/amsbsy.sty)
INFO:pdfexport:latexmk: (/usr/share/texlive/texmf-dist/tex/latex/amsmath/amsopn.sty))
INFO:pdfexport:latexmk: (/usr/share/texlive/texmf-dist/tex/latex/amsfonts/amssymb.sty
INFO:pdfexport:latexmk: (/usr/share/texlive/texmf-dist/tex/latex/amsfonts/amsfonts.sty))
INFO:pdfexport:latexmk: (/usr/share/texlive/texmf-dist/tex/latex/base/textcomp.sty
INFO:pdfexport:latexmk: (/usr/share/texlive/texmf-dist/tex/latex/base/ts1enc.def))
INFO:pdfexport:latexmk: (/usr/share/texlive/texmf-dist/tex/latex/upquote/upquote.sty)
INFO:pdfexport:latexmk: (/usr/share/texlive/texmf-dist/tex/latex/eurosym/eurosym.sty)
INFO:pdfexport:latexmk: (/usr/share/texlive/texmf-dist/tex/latex/ucs/ucs.sty
INFO:pdfexport:latexmk: (/usr/share/texlive/texmf-dist/tex/latex/ucs/data/uni-global.def))
INFO:pdfexport:latexmk: (/usr/share/texlive/texmf-dist/tex/latex/base/inputenc.sty
INFO:pdfexport:latexmk: 
INFO:pdfexport:latexmk: Package inputenc Warning: inputenc package ignored with utf8 based engines.
INFO:pdfexport:latexmk: 
INFO:pdfexport:latexmk: ) (/usr/share/texlive/texmf-dist/tex/latex/fancyvrb/fancyvrb.sty
INFO:pdfexport:latexmk: Style option: `fancyvrb' v2.7a, with DG/SPQR fixes, and firstline=lastline fix
INFO:pdfexport:latexmk: <2008/02/07> (tvz))
INFO:pdfexport:latexmk: (/usr/share/texlive/texmf-dist/tex/latex/oberdiek/grffile.sty
INFO:pdfexport:latexmk: (/usr/share/texlive/texmf-dist/tex/generic/oberdiek/ifpdf.sty)
INFO:pdfexport:latexmk: (/usr/share/texlive/texmf-dist/tex/generic/ifxetex/ifxetex.sty)
INFO:pdfexport:latexmk: (/usr/share/texlive/texmf-dist/tex/latex/oberdiek/kvoptions.sty
INFO:pdfexport:latexmk: (/usr/share/texlive/texmf-dist/tex/generic/oberdiek/ltxcmds.sty)
INFO:pdfexport:latexmk: (/usr/share/texlive/texmf-dist/tex/generic/oberdiek/kvsetkeys.sty
INFO:pdfexport:latexmk: (/usr/share/texlive/texmf-dist/tex/generic/oberdiek/infwarerr.sty)
INFO:pdfexport:latexmk: (/usr/share/texlive/texmf-dist/tex/generic/oberdiek/etexcmds.sty
INFO:pdfexport:latexmk: (/usr/share/texlive/texmf-dist/tex/generic/oberdiek/ifluatex.sty))))
INFO:pdfexport:latexmk: (/usr/share/texlive/texmf-dist/tex/generic/oberdiek/pdftexcmds.sty))
INFO:pdfexport:latexmk: (/usr/share/texlive/texmf-dist/tex/latex/hyperref/hyperref.sty
INFO:pdfexport:latexmk: (/usr/share/texlive/texmf-dist/tex/generic/oberdiek/hobsub-hyperref.sty
INFO:pdfexport:latexmk: (/usr/share/texlive/texmf-dist/tex/generic/oberdiek/hobsub-generic.sty))
INFO:pdfexport:latexmk: (/usr/share/texlive/texmf-dist/tex/latex/oberdiek/auxhook.sty)
INFO:pdfexport:latexmk: (/usr/share/texlive/texmf-dist/tex/latex/hyperref/pd1enc.def)
INFO:pdfexport:latexmk: (/usr/share/texlive/texmf-dist/tex/latex/latexconfig/hyperref.cfg)
INFO:pdfexport:latexmk: (/usr/share/texlive/texmf-dist/tex/latex/url/url.sty))
INFO:pdfexport:latexmk: 
INFO:pdfexport:latexmk: Package hyperref Message: Driver (autodetected): hxetex.
INFO:pdfexport:latexmk: 
INFO:pdfexport:latexmk: (/usr/share/texlive/texmf-dist/tex/latex/hyperref/hxetex.def
INFO:pdfexport:latexmk: (/usr/share/texlive/texmf-dist/tex/latex/hyperref/puenc.def)
INFO:pdfexport:latexmk: (/usr/share/texlive/texmf-dist/tex/generic/oberdiek/stringenc.sty)
INFO:pdfexport:latexmk: (/usr/share/texlive/texmf-dist/tex/latex/oberdiek/rerunfilecheck.sty))
INFO:pdfexport:latexmk: (/usr/share/texlive/texmf-dist/tex/latex/tools/longtable.sty)
INFO:pdfexport:latexmk: (/usr/share/texlive/texmf-dist/tex/latex/booktabs/booktabs.sty)
INFO:pdfexport:latexmk: (/usr/share/texlive/texmf-dist/tex/latex/enumitem/enumitem.sty)
INFO:pdfexport:latexmk: (/usr/share/texlive/texmf-dist/tex/generic/ulem/ulem.sty)
INFO:pdfexport:latexmk: (/usr/share/texlive/texmf-dist/tex/latex/translations/translations.sty
INFO:pdfexport:latexmk: (/usr/share/texlive/texmf-dist/tex/latex/cnltx/cnltx-base.sty
INFO:pdfexport:latexmk: (/usr/share/texlive/texmf-dist/tex/latex/pgfopts/pgfopts.sty
INFO:pdfexport:latexmk: (/usr/share/texlive/texmf-dist/tex/latex/pgf/utilities/pgfkeys.sty
INFO:pdfexport:latexmk: (/usr/share/texlive/texmf-dist/tex/generic/pgf/utilities/pgfkeys.code.tex
INFO:pdfexport:latexmk: (/usr/share/texlive/texmf-dist/tex/generic/pgf/utilities/pgfkeysfiltered.code.t
INFO:pdfexport:latexmk: ex)))) (/usr/share/texlive/texmf-dist/tex/latex/etoolbox/etoolbox.sty
INFO:pdfexport:latexmk: (/usr/share/texlive/texmf-dist/tex/latex/etex-pkg/etex.sty))
INFO:pdfexport:latexmk: (/usr/share/texlive/texmf-dist/tex/latex/trimspaces/trimspaces.sty)))
INFO:pdfexport:latexmk: (/usr/share/texlive/texmf-dist/tex/latex/microtype/microtype.sty
INFO:pdfexport:latexmk: (/usr/share/texlive/texmf-dist/tex/latex/microtype/microtype-xetex.def)
INFO:pdfexport:latexmk: (/usr/share/texlive/texmf-dist/tex/latex/microtype/microtype.cfg))
INFO:pdfexport:latexmk: (/usr/share/texlive/texmf-dist/tex/latex/placeins/placeins.sty)
INFO:pdfexport:latexmk: (/usr/share/texlive/texmf-dist/tex/latex/float/float.sty)
INFO:pdfexport:latexmk: (/usr/share/texlive/texmf-dist/tex/latex/todonotes/todonotes.sty
INFO:pdfexport:latexmk: (/usr/share/texlive/texmf-dist/tex/latex/base/ifthen.sty)
INFO:pdfexport:latexmk: (/usr/share/texlive/texmf-dist/tex/latex/pgf/frontendlayer/tikz.sty
INFO:pdfexport:latexmk: (/usr/share/texlive/texmf-dist/tex/latex/pgf/basiclayer/pgf.sty
INFO:pdfexport:latexmk: (/usr/share/texlive/texmf-dist/tex/latex/pgf/utilities/pgfrcs.sty
INFO:pdfexport:latexmk: (/usr/share/texlive/texmf-dist/tex/generic/pgf/utilities/pgfutil-common.tex
INFO:pdfexport:latexmk: (/usr/share/texlive/texmf-dist/tex/generic/pgf/utilities/pgfutil-common-lists.t
INFO:pdfexport:latexmk: ex)) (/usr/share/texlive/texmf-dist/tex/generic/pgf/utilities/pgfutil-latex.def
INFO:pdfexport:latexmk: (/usr/share/texlive/texmf-dist/tex/latex/ms/everyshi.sty))
INFO:pdfexport:latexmk: (/usr/share/texlive/texmf-dist/tex/generic/pgf/utilities/pgfrcs.code.tex))
INFO:pdfexport:latexmk: (/usr/share/texlive/texmf-dist/tex/latex/pgf/basiclayer/pgfcore.sty
INFO:pdfexport:latexmk: (/usr/share/texlive/texmf-dist/tex/latex/pgf/systemlayer/pgfsys.sty
INFO:pdfexport:latexmk: (/usr/share/texlive/texmf-dist/tex/generic/pgf/systemlayer/pgfsys.code.tex
INFO:pdfexport:latexmk: (/usr/share/texlive/texmf-dist/tex/generic/pgf/utilities/pgfkeys.code.tex)
INFO:pdfexport:latexmk: (/usr/share/texlive/texmf-dist/tex/generic/pgf/systemlayer/pgf.cfg)
INFO:pdfexport:latexmk: (/usr/share/texlive/texmf-dist/tex/generic/pgf/systemlayer/pgfsys-xetex.def
INFO:pdfexport:latexmk: (/usr/share/texlive/texmf-dist/tex/generic/pgf/systemlayer/pgfsys-dvipdfmx.def
INFO:pdfexport:latexmk: (/usr/share/texlive/texmf-dist/tex/generic/pgf/systemlayer/pgfsys-common-pdf.de
INFO:pdfexport:latexmk: f))))
INFO:pdfexport:latexmk: (/usr/share/texlive/texmf-dist/tex/generic/pgf/systemlayer/pgfsyssoftpath.code.
INFO:pdfexport:latexmk: tex)
INFO:pdfexport:latexmk: (/usr/share/texlive/texmf-dist/tex/generic/pgf/systemlayer/pgfsysprotocol.code.
INFO:pdfexport:latexmk: tex))
INFO:pdfexport:latexmk: (/usr/share/texlive/texmf-dist/tex/generic/pgf/basiclayer/pgfcore.code.tex
INFO:pdfexport:latexmk: (/usr/share/texlive/texmf-dist/tex/generic/pgf/math/pgfmath.code.tex
INFO:pdfexport:latexmk: (/usr/share/texlive/texmf-dist/tex/generic/pgf/math/pgfmathcalc.code.tex
INFO:pdfexport:latexmk: (/usr/share/texlive/texmf-dist/tex/generic/pgf/math/pgfmathutil.code.tex)
INFO:pdfexport:latexmk: (/usr/share/texlive/texmf-dist/tex/generic/pgf/math/pgfmathparser.code.tex)
INFO:pdfexport:latexmk: (/usr/share/texlive/texmf-dist/tex/generic/pgf/math/pgfmathfunctions.code.tex
INFO:pdfexport:latexmk: (/usr/share/texlive/texmf-dist/tex/generic/pgf/math/pgfmathfunctions.basic.code
INFO:pdfexport:latexmk: .tex)
INFO:pdfexport:latexmk: (/usr/share/texlive/texmf-dist/tex/generic/pgf/math/pgfmathfunctions.trigonomet
INFO:pdfexport:latexmk: ric.code.tex)
INFO:pdfexport:latexmk: (/usr/share/texlive/texmf-dist/tex/generic/pgf/math/pgfmathfunctions.random.cod
INFO:pdfexport:latexmk: e.tex)
INFO:pdfexport:latexmk: (/usr/share/texlive/texmf-dist/tex/generic/pgf/math/pgfmathfunctions.comparison
INFO:pdfexport:latexmk: .code.tex)
INFO:pdfexport:latexmk: (/usr/share/texlive/texmf-dist/tex/generic/pgf/math/pgfmathfunctions.base.code.
INFO:pdfexport:latexmk: tex)
INFO:pdfexport:latexmk: (/usr/share/texlive/texmf-dist/tex/generic/pgf/math/pgfmathfunctions.round.code
INFO:pdfexport:latexmk: .tex)
INFO:pdfexport:latexmk: (/usr/share/texlive/texmf-dist/tex/generic/pgf/math/pgfmathfunctions.misc.code.
INFO:pdfexport:latexmk: tex)
INFO:pdfexport:latexmk: (/usr/share/texlive/texmf-dist/tex/generic/pgf/math/pgfmathfunctions.integerari
INFO:pdfexport:latexmk: thmetics.code.tex)))
INFO:pdfexport:latexmk: (/usr/share/texlive/texmf-dist/tex/generic/pgf/math/pgfmathfloat.code.tex))
INFO:pdfexport:latexmk: (/usr/share/texlive/texmf-dist/tex/generic/pgf/basiclayer/pgfcorepoints.code.te
INFO:pdfexport:latexmk: x)
INFO:pdfexport:latexmk: (/usr/share/texlive/texmf-dist/tex/generic/pgf/basiclayer/pgfcorepathconstruct.
INFO:pdfexport:latexmk: code.tex)
INFO:pdfexport:latexmk: (/usr/share/texlive/texmf-dist/tex/generic/pgf/basiclayer/pgfcorepathusage.code
INFO:pdfexport:latexmk: .tex)
INFO:pdfexport:latexmk: (/usr/share/texlive/texmf-dist/tex/generic/pgf/basiclayer/pgfcorescopes.code.te
INFO:pdfexport:latexmk: x)
INFO:pdfexport:latexmk: (/usr/share/texlive/texmf-dist/tex/generic/pgf/basiclayer/pgfcoregraphicstate.c
INFO:pdfexport:latexmk: ode.tex)
INFO:pdfexport:latexmk: (/usr/share/texlive/texmf-dist/tex/generic/pgf/basiclayer/pgfcoretransformation
INFO:pdfexport:latexmk: s.code.tex)
INFO:pdfexport:latexmk: (/usr/share/texlive/texmf-dist/tex/generic/pgf/basiclayer/pgfcorequick.code.tex
INFO:pdfexport:latexmk: )
INFO:pdfexport:latexmk: (/usr/share/texlive/texmf-dist/tex/generic/pgf/basiclayer/pgfcoreobjects.code.t
INFO:pdfexport:latexmk: ex)
INFO:pdfexport:latexmk: (/usr/share/texlive/texmf-dist/tex/generic/pgf/basiclayer/pgfcorepathprocessing
INFO:pdfexport:latexmk: .code.tex)
INFO:pdfexport:latexmk: (/usr/share/texlive/texmf-dist/tex/generic/pgf/basiclayer/pgfcorearrows.code.te
INFO:pdfexport:latexmk: x)
INFO:pdfexport:latexmk: (/usr/share/texlive/texmf-dist/tex/generic/pgf/basiclayer/pgfcoreshade.code.tex
INFO:pdfexport:latexmk: )
INFO:pdfexport:latexmk: (/usr/share/texlive/texmf-dist/tex/generic/pgf/basiclayer/pgfcoreimage.code.tex
INFO:pdfexport:latexmk: 
INFO:pdfexport:latexmk: (/usr/share/texlive/texmf-dist/tex/generic/pgf/basiclayer/pgfcoreexternal.code.
INFO:pdfexport:latexmk: tex))
INFO:pdfexport:latexmk: (/usr/share/texlive/texmf-dist/tex/generic/pgf/basiclayer/pgfcorelayers.code.te
INFO:pdfexport:latexmk: x)
INFO:pdfexport:latexmk: (/usr/share/texlive/texmf-dist/tex/generic/pgf/basiclayer/pgfcoretransparency.c
INFO:pdfexport:latexmk: ode.tex)
INFO:pdfexport:latexmk: (/usr/share/texlive/texmf-dist/tex/generic/pgf/basiclayer/pgfcorepatterns.code.
INFO:pdfexport:latexmk: tex)))
INFO:pdfexport:latexmk: (/usr/share/texlive/texmf-dist/tex/generic/pgf/modules/pgfmoduleshapes.code.tex
INFO:pdfexport:latexmk: ) (/usr/share/texlive/texmf-dist/tex/generic/pgf/modules/pgfmoduleplot.code.tex
INFO:pdfexport:latexmk: )
INFO:pdfexport:latexmk: (/usr/share/texlive/texmf-dist/tex/latex/pgf/compatibility/pgfcomp-version-0-65
INFO:pdfexport:latexmk: .sty)
INFO:pdfexport:latexmk: (/usr/share/texlive/texmf-dist/tex/latex/pgf/compatibility/pgfcomp-version-1-18
INFO:pdfexport:latexmk: .sty)) (/usr/share/texlive/texmf-dist/tex/latex/pgf/utilities/pgffor.sty
INFO:pdfexport:latexmk: (/usr/share/texlive/texmf-dist/tex/latex/pgf/math/pgfmath.sty
INFO:pdfexport:latexmk: (/usr/share/texlive/texmf-dist/tex/generic/pgf/math/pgfmath.code.tex))
INFO:pdfexport:latexmk: (/usr/share/texlive/texmf-dist/tex/generic/pgf/utilities/pgffor.code.tex
INFO:pdfexport:latexmk: (/usr/share/texlive/texmf-dist/tex/generic/pgf/math/pgfmath.code.tex)))
INFO:pdfexport:latexmk: (/usr/share/texlive/texmf-dist/tex/generic/pgf/frontendlayer/tikz/tikz.code.tex
INFO:pdfexport:latexmk: 
INFO:pdfexport:latexmk: (/usr/share/texlive/texmf-dist/tex/generic/pgf/libraries/pgflibraryplothandlers
INFO:pdfexport:latexmk: .code.tex)
INFO:pdfexport:latexmk: (/usr/share/texlive/texmf-dist/tex/generic/pgf/modules/pgfmodulematrix.code.tex
INFO:pdfexport:latexmk: )
INFO:pdfexport:latexmk: (/usr/share/texlive/texmf-dist/tex/generic/pgf/frontendlayer/tikz/libraries/tik
INFO:pdfexport:latexmk: zlibrarytopaths.code.tex)))
INFO:pdfexport:latexmk: (/usr/share/texlive/texmf-dist/tex/generic/pgf/frontendlayer/tikz/libraries/tik
INFO:pdfexport:latexmk: zlibrarypositioning.code.tex)
INFO:pdfexport:latexmk: (/usr/share/texlive/texmf-dist/tex/latex/tools/calc.sty))
INFO:pdfexport:latexmk: (/usr/share/texlive/texmf-dist/tex/latex/chngcntr/chngcntr.sty)
INFO:pdfexport:latexmk: (/usr/share/texlive/texmf-dist/tex/latex/koma-script/scrlayer-scrpage.sty
INFO:pdfexport:latexmk: (/usr/share/texlive/texmf-dist/tex/latex/koma-script/scrlayer.sty))
INFO:pdfexport:latexmk: (/usr/share/texlive/texmf-dist/tex/latex/natbib/natbib.sty)
INFO:pdfexport:latexmk: (/usr/share/texlive/texmf-dist/tex/latex/doi/doi.sty)
INFO:pdfexport:latexmk: (/usr/share/texlive/texmf-dist/tex/latex/caption/newfloat.sty)
INFO:pdfexport:latexmk: (/usr/share/texlive/texmf-dist/tex/latex/listings/listings.sty
INFO:pdfexport:latexmk: (/usr/share/texlive/texmf-dist/tex/latex/listings/lstmisc.sty)
INFO:pdfexport:latexmk: (/usr/share/texlive/texmf-dist/tex/latex/listings/listings.cfg))
INFO:pdfexport:latexmk: (/usr/share/texlive/texmf-dist/tex/latex/mdframed/mdframed.sty
INFO:pdfexport:latexmk: (/usr/share/texlive/texmf-dist/tex/latex/l3packages/xparse/xparse.sty
INFO:pdfexport:latexmk: (/usr/share/texlive/texmf-dist/tex/latex/l3kernel/expl3.sty
INFO:pdfexport:latexmk: (/usr/share/texlive/texmf-dist/tex/latex/l3kernel/expl3-code.tex)
INFO:pdfexport:latexmk: (/usr/share/texlive/texmf-dist/tex/latex/l3kernel/l3unicode-data.def)
INFO:pdfexport:latexmk: (/usr/share/texlive/texmf-dist/tex/latex/l3kernel/l3xdvipdfmx.def)))
INFO:pdfexport:latexmk: (/usr/share/texlive/texmf-dist/tex/latex/oberdiek/zref-abspage.sty
INFO:pdfexport:latexmk: (/usr/share/texlive/texmf-dist/tex/latex/oberdiek/zref-base.sty))
INFO:pdfexport:latexmk: (/usr/share/texlive/texmf-dist/tex/latex/needspace/needspace.sty)
INFO:pdfexport:latexmk: (/usr/share/texlive/texmf-dist/tex/latex/mdframed/md-frame-1.mdf))
INFO:pdfexport:latexmk: (/usr/share/texlive/texmf-dist/tex/latex/geometry/geometry.sty)
INFO:pdfexport:latexmk: 
INFO:pdfexport:latexmk: ! Package scrbase Error: unknown option `addvoffset=.6ex'.
INFO:pdfexport:latexmk: 
INFO:pdfexport:latexmk: See the scrbase package documentation for explanation.
INFO:pdfexport:latexmk: Type  H <return>  for immediate help.
INFO:pdfexport:latexmk: ...
INFO:pdfexport:latexmk: 
INFO:pdfexport:latexmk: l.361 ...er[addvoffset=.6ex]{scrheadings.foot.odd}
INFO:pdfexport:latexmk: 
